<?xml version="1.0" encoding="UTF-8"?>
<testsuites name="test5" time="25" tests="1" failures="0" errors="0">
   <testsuite name="test5" tests="1" failures="0" errors="0" time="25" timestamp="2018-03-28 21:25:52" hostname="admin - Lenovo-PC" id="Test Suites/test5">
      <properties>
         <property name="deviceName" value=""/>
         <property name="devicePlatform" value=""/>
         <property name="logFolder" value="C:\\Users\\admin\\Katalon Studio\\Test\\Reports\\test5\\20180328_212549"/>
         <property name="logFiles" value="C:\\Users\\admin\\Katalon Studio\\Test\\Reports\\test5\\20180328_212549\\execution0.log"/>
         <property name="attachments" value=""/>
         <property name="hostName" value="admin - Lenovo-PC"/>
         <property name="os" value="Windows 10 64bit"/>
         <property name="katalonVersion" value="5.3.0.1"/>
         <property name="browser" value="Chrome 64.0.3282.119"/>
         <property name="hostAddress" value="10.10.31.224"/>
         <property name="sessionId" value="3f306a88ac7721ddfaf47926d581c756"/>
         <property name="seleniumVersion" value="3.7.1"/>
         <property name="proxyInformation" value="ProxyInformation{proxyOption=NO_PROXY, proxyServerType=HTTP, password=, proxyServerAddress=, proxyServerPort=0}"/>
         <property name="platform" value="Windows 10"/>
      </properties>
      <testcase name="Test Cases/test5" classname="Test Cases/test5" status="PASSED">
         <system-out><![CDATA[2018-03-28 21:25:52 - [TEST_CASE][PASSED] - Test Cases/test5: Test Cases/test5

2018-03-28 21:25:52 - [TEST_STEP][PASSED] - openBrowser: Browser is opened with url: ''

2018-03-28 21:25:59 - [MESSAGE][PASSED] - Browser is opened with url: ''

2018-03-28 21:25:59 - [TEST_STEP][PASSED] - navigateToUrl: Navigate to 'http://localhost:8080/ljlj/panduan.jsp' successfully

2018-03-28 21:26:04 - [MESSAGE][PASSED] - Navigate to 'http://localhost:8080/ljlj/panduan.jsp' successfully

2018-03-28 21:26:04 - [TEST_STEP][PASSED] - setText: Text 'student' is set on object 'Object Repository/test5/Page_Insert title here/input_juese'

2018-03-28 21:26:05 - [MESSAGE][PASSED] - Text 'student' is set on object 'Object Repository/test5/Page_Insert title here/input_juese'

2018-03-28 21:26:05 - [TEST_STEP][PASSED] - click: Object: 'Object Repository/test5/Page_Insert title here/input' is clicked on

2018-03-28 21:26:05 - [MESSAGE][PASSED] - Object: 'Object Repository/test5/Page_Insert title here/input' is clicked on

2018-03-28 21:26:05 - [TEST_STEP][PASSED] - click: Object: 'Object Repository/test5/Page_/button_Registered' is clicked on

2018-03-28 21:26:06 - [MESSAGE][PASSED] - Object: 'Object Repository/test5/Page_/button_Registered' is clicked on

2018-03-28 21:26:06 - [TEST_STEP][PASSED] - setText: Text '999' is set on object 'Object Repository/test5/Page_Insert title here/input_user1id'

2018-03-28 21:26:06 - [MESSAGE][PASSED] - Text '999' is set on object 'Object Repository/test5/Page_Insert title here/input_user1id'

2018-03-28 21:26:06 - [TEST_STEP][PASSED] - setText: Text '999' is set on object 'Object Repository/test5/Page_Insert title here/input_user1pass'

2018-03-28 21:26:06 - [MESSAGE][PASSED] - Text '999' is set on object 'Object Repository/test5/Page_Insert title here/input_user1pass'

2018-03-28 21:26:06 - [TEST_STEP][PASSED] - setText: Text 'ripple' is set on object 'Object Repository/test5/Page_Insert title here/input_user1name'

2018-03-28 21:26:06 - [MESSAGE][PASSED] - Text 'ripple' is set on object 'Object Repository/test5/Page_Insert title here/input_user1name'

2018-03-28 21:26:06 - [TEST_STEP][PASSED] - click: Object: 'Object Repository/test5/Page_Insert title here/input' is clicked on

2018-03-28 21:26:14 - [MESSAGE][PASSED] - Object: 'Object Repository/test5/Page_Insert title here/input' is clicked on

2018-03-28 21:26:14 - [TEST_STEP][PASSED] - click: Object: 'Object Repository/test5/Page_Insert title here/button_Back to the login scree' is clicked on

2018-03-28 21:26:14 - [MESSAGE][PASSED] - Object: 'Object Repository/test5/Page_Insert title here/button_Back to the login scree' is clicked on

2018-03-28 21:26:14 - [TEST_STEP][PASSED] - setText: Text '999' is set on object 'Object Repository/test5/Page_/input_user1id'

2018-03-28 21:26:14 - [MESSAGE][PASSED] - Text '999' is set on object 'Object Repository/test5/Page_/input_user1id'

2018-03-28 21:26:14 - [TEST_STEP][PASSED] - setText: Text '999' is set on object 'Object Repository/test5/Page_/input_user1pass'

2018-03-28 21:26:15 - [MESSAGE][PASSED] - Text '999' is set on object 'Object Repository/test5/Page_/input_user1pass'

2018-03-28 21:26:15 - [TEST_STEP][PASSED] - click: Object: 'Object Repository/test5/Page_/input' is clicked on

2018-03-28 21:26:15 - [MESSAGE][PASSED] - Object: 'Object Repository/test5/Page_/input' is clicked on

2018-03-28 21:26:15 - [TEST_STEP][PASSED] - click: Object: 'Object Repository/test5/Page_Insert title here/td_software of quality' is clicked on

2018-03-28 21:26:15 - [MESSAGE][PASSED] - Object: 'Object Repository/test5/Page_Insert title here/td_software of quality' is clicked on

2018-03-28 21:26:15 - [TEST_STEP][PASSED] - verifyElementText: Actual text and expected text of test object 'Object Repository/test5/Page_Insert title here/td_software of quality' are matched.

2018-03-28 21:26:15 - [MESSAGE][PASSED] - Actual text and expected text of test object 'Object Repository/test5/Page_Insert title here/td_software of quality' are matched.

2018-03-28 21:26:15 - [TEST_STEP][PASSED] - closeBrowser: Browser is closed

2018-03-28 21:26:16 - [MESSAGE][PASSED] - Browser is closed]]></system-out>
         <system-err><![CDATA[]]></system-err>
      </testcase>
      <system-out><![CDATA[2018-03-28 21:25:52 - [TEST_SUITE][PASSED] - test5: Test Cases/test5]]></system-out>
      <system-err><![CDATA[]]></system-err>
   </testsuite>
</testsuites>
