<?xml version="1.0" encoding="UTF-8"?>
<testsuites name="test3" time="27" tests="1" failures="0" errors="0">
   <testsuite name="test3" tests="1" failures="0" errors="0" time="27" timestamp="2018-03-28 21:24:06" hostname="admin - Lenovo-PC" id="Test Suites/test3">
      <properties>
         <property name="deviceName" value=""/>
         <property name="devicePlatform" value=""/>
         <property name="logFolder" value="C:\\Users\\admin\\Katalon Studio\\Test\\Reports\\test3\\20180328_212404"/>
         <property name="logFiles" value="C:\\Users\\admin\\Katalon Studio\\Test\\Reports\\test3\\20180328_212404\\execution0.log"/>
         <property name="attachments" value=""/>
         <property name="hostName" value="admin - Lenovo-PC"/>
         <property name="os" value="Windows 10 64bit"/>
         <property name="katalonVersion" value="5.3.0.1"/>
         <property name="browser" value="Chrome 64.0.3282.119"/>
         <property name="hostAddress" value="10.10.31.224"/>
         <property name="sessionId" value="116b30f7a3aea3a76a83d7f7bf5ea0ca"/>
         <property name="seleniumVersion" value="3.7.1"/>
         <property name="proxyInformation" value="ProxyInformation{proxyOption=NO_PROXY, proxyServerType=HTTP, password=, proxyServerAddress=, proxyServerPort=0}"/>
         <property name="platform" value="Windows 10"/>
      </properties>
      <testcase name="Test Cases/test3" classname="Test Cases/test3" status="PASSED">
         <system-out><![CDATA[2018-03-28 21:24:06 - [TEST_CASE][PASSED] - Test Cases/test3: Test Cases/test3

2018-03-28 21:24:07 - [TEST_STEP][PASSED] - openBrowser: Browser is opened with url: ''

2018-03-28 21:24:13 - [MESSAGE][PASSED] - Browser is opened with url: ''

2018-03-28 21:24:13 - [TEST_STEP][PASSED] - navigateToUrl: Navigate to 'http://localhost:8080/ljlj/panduan.jsp' successfully

2018-03-28 21:24:25 - [MESSAGE][PASSED] - Navigate to 'http://localhost:8080/ljlj/panduan.jsp' successfully

2018-03-28 21:24:25 - [TEST_STEP][PASSED] - setText: Text 'student' is set on object 'Object Repository/test3/Page_Insert title here/input_juese'

2018-03-28 21:24:25 - [MESSAGE][PASSED] - Text 'student' is set on object 'Object Repository/test3/Page_Insert title here/input_juese'

2018-03-28 21:24:25 - [TEST_STEP][PASSED] - click: Object: 'Object Repository/test3/Page_Insert title here/input' is clicked on

2018-03-28 21:24:26 - [MESSAGE][PASSED] - Object: 'Object Repository/test3/Page_Insert title here/input' is clicked on

2018-03-28 21:24:26 - [TEST_STEP][PASSED] - setText: Text '555' is set on object 'Object Repository/test3/Page_/input_user1id'

2018-03-28 21:24:26 - [MESSAGE][PASSED] - Text '555' is set on object 'Object Repository/test3/Page_/input_user1id'

2018-03-28 21:24:26 - [TEST_STEP][PASSED] - setText: Text '555' is set on object 'Object Repository/test3/Page_/input_user1pass'

2018-03-28 21:24:26 - [MESSAGE][PASSED] - Text '555' is set on object 'Object Repository/test3/Page_/input_user1pass'

2018-03-28 21:24:26 - [TEST_STEP][PASSED] - click: Object: 'Object Repository/test3/Page_/input' is clicked on

2018-03-28 21:24:33 - [MESSAGE][PASSED] - Object: 'Object Repository/test3/Page_/input' is clicked on

2018-03-28 21:24:33 - [TEST_STEP][PASSED] - click: Object: 'Object Repository/test3/Page_Insert title here/td_software cons test' is clicked on

2018-03-28 21:24:33 - [MESSAGE][PASSED] - Object: 'Object Repository/test3/Page_Insert title here/td_software cons test' is clicked on

2018-03-28 21:24:33 - [TEST_STEP][PASSED] - verifyElementText: Actual text and expected text of test object 'Object Repository/test3/Page_Insert title here/td_software cons test' are matched.

2018-03-28 21:24:33 - [MESSAGE][PASSED] - Actual text and expected text of test object 'Object Repository/test3/Page_Insert title here/td_software cons test' are matched.

2018-03-28 21:24:33 - [TEST_STEP][PASSED] - closeBrowser: Browser is closed

2018-03-28 21:24:34 - [MESSAGE][PASSED] - Browser is closed]]></system-out>
         <system-err><![CDATA[]]></system-err>
      </testcase>
      <system-out><![CDATA[2018-03-28 21:24:06 - [TEST_SUITE][PASSED] - test3: Test Cases/test3]]></system-out>
      <system-err><![CDATA[]]></system-err>
   </testsuite>
</testsuites>
