<?xml version="1.0" encoding="UTF-8"?>
<testsuites name="test6" time="16" tests="1" failures="0" errors="0">
   <testsuite name="test6" tests="1" failures="0" errors="0" time="16" timestamp="2018-03-28 21:27:45" hostname="admin - Lenovo-PC" id="Test Suites/test6">
      <properties>
         <property name="deviceName" value=""/>
         <property name="devicePlatform" value=""/>
         <property name="logFolder" value="C:\\Users\\admin\\Katalon Studio\\Test\\Reports\\test6\\20180328_212743"/>
         <property name="logFiles" value="C:\\Users\\admin\\Katalon Studio\\Test\\Reports\\test6\\20180328_212743\\execution0.log"/>
         <property name="attachments" value=""/>
         <property name="hostName" value="admin - Lenovo-PC"/>
         <property name="os" value="Windows 10 64bit"/>
         <property name="katalonVersion" value="5.3.0.1"/>
         <property name="browser" value="Chrome 64.0.3282.119"/>
         <property name="hostAddress" value="10.10.31.224"/>
         <property name="sessionId" value="fd52ea3af13df5ce019530ee8fd97c74"/>
         <property name="seleniumVersion" value="3.7.1"/>
         <property name="proxyInformation" value="ProxyInformation{proxyOption=NO_PROXY, proxyServerType=HTTP, password=, proxyServerAddress=, proxyServerPort=0}"/>
         <property name="platform" value="Windows 10"/>
      </properties>
      <testcase name="Test Cases/test6 student add class" classname="Test Cases/test6 student add class" status="PASSED">
         <system-out><![CDATA[2018-03-28 21:27:45 - [TEST_CASE][PASSED] - Test Cases/test6 student add class: Test Cases/test6 student add class

2018-03-28 21:27:46 - [TEST_STEP][PASSED] - openBrowser: Browser is opened with url: ''

2018-03-28 21:27:50 - [MESSAGE][PASSED] - Browser is opened with url: ''

2018-03-28 21:27:50 - [TEST_STEP][PASSED] - navigateToUrl: Navigate to 'http://localhost:8080/ljlj/panduan.jsp' successfully

2018-03-28 21:27:53 - [MESSAGE][PASSED] - Navigate to 'http://localhost:8080/ljlj/panduan.jsp' successfully

2018-03-28 21:27:53 - [TEST_STEP][PASSED] - setText: Text 'student' is set on object 'Object Repository/test6/Page_Insert title here (2)/input_juese'

2018-03-28 21:27:53 - [MESSAGE][PASSED] - Text 'student' is set on object 'Object Repository/test6/Page_Insert title here (2)/input_juese'

2018-03-28 21:27:53 - [TEST_STEP][PASSED] - click: Object: 'Object Repository/test6/Page_Insert title here (2)/input' is clicked on

2018-03-28 21:27:54 - [MESSAGE][PASSED] - Object: 'Object Repository/test6/Page_Insert title here (2)/input' is clicked on

2018-03-28 21:27:54 - [TEST_STEP][PASSED] - setText: Text '555' is set on object 'Object Repository/test6/Page_ (2)/input_user1id'

2018-03-28 21:27:54 - [MESSAGE][PASSED] - Text '555' is set on object 'Object Repository/test6/Page_ (2)/input_user1id'

2018-03-28 21:27:54 - [TEST_STEP][PASSED] - setText: Text '555' is set on object 'Object Repository/test6/Page_ (2)/input_user1pass'

2018-03-28 21:27:54 - [MESSAGE][PASSED] - Text '555' is set on object 'Object Repository/test6/Page_ (2)/input_user1pass'

2018-03-28 21:27:54 - [TEST_STEP][PASSED] - click: Object: 'Object Repository/test6/Page_ (2)/input' is clicked on

2018-03-28 21:27:58 - [MESSAGE][PASSED] - Object: 'Object Repository/test6/Page_ (2)/input' is clicked on

2018-03-28 21:27:58 - [TEST_STEP][PASSED] - click: Object: 'Object Repository/test6/Page_Insert title here (2)/button_Add class' is clicked on

2018-03-28 21:27:59 - [MESSAGE][PASSED] - Object: 'Object Repository/test6/Page_Insert title here (2)/button_Add class' is clicked on

2018-03-28 21:27:59 - [TEST_STEP][PASSED] - setText: Text 'software cons test' is set on object 'Object Repository/test6/Page_Insert title here (2)/input_coursename'

2018-03-28 21:27:59 - [MESSAGE][PASSED] - Text 'software cons test' is set on object 'Object Repository/test6/Page_Insert title here (2)/input_coursename'

2018-03-28 21:27:59 - [TEST_STEP][PASSED] - setText: Text '116' is set on object 'Object Repository/test6/Page_Insert title here (2)/input_coid'

2018-03-28 21:27:59 - [MESSAGE][PASSED] - Text '116' is set on object 'Object Repository/test6/Page_Insert title here (2)/input_coid'

2018-03-28 21:27:59 - [TEST_STEP][PASSED] - setText: Text '565' is set on object 'Object Repository/test6/Page_Insert title here (2)/input_tuitionfee'

2018-03-28 21:27:59 - [MESSAGE][PASSED] - Text '565' is set on object 'Object Repository/test6/Page_Insert title here (2)/input_tuitionfee'

2018-03-28 21:27:59 - [TEST_STEP][PASSED] - click: Object: 'Object Repository/test6/Page_Insert title here (2)/input' is clicked on

2018-03-28 21:28:00 - [MESSAGE][PASSED] - Object: 'Object Repository/test6/Page_Insert title here (2)/input' is clicked on

2018-03-28 21:28:00 - [TEST_STEP][PASSED] - click: Object: 'Object Repository/test6/Page_Insert title here (2)/td_software cons test' is clicked on

2018-03-28 21:28:00 - [MESSAGE][PASSED] - Object: 'Object Repository/test6/Page_Insert title here (2)/td_software cons test' is clicked on

2018-03-28 21:28:00 - [TEST_STEP][PASSED] - verifyElementText: Actual text and expected text of test object 'Object Repository/test6/Page_Insert title here (2)/td_software cons test' are matched.

2018-03-28 21:28:00 - [MESSAGE][PASSED] - Actual text and expected text of test object 'Object Repository/test6/Page_Insert title here (2)/td_software cons test' are matched.

2018-03-28 21:28:00 - [TEST_STEP][PASSED] - closeBrowser: Browser is closed

2018-03-28 21:28:01 - [MESSAGE][PASSED] - Browser is closed]]></system-out>
         <system-err><![CDATA[]]></system-err>
      </testcase>
      <system-out><![CDATA[2018-03-28 21:27:45 - [TEST_SUITE][PASSED] - test6: Test Cases/test6 student add class]]></system-out>
      <system-err><![CDATA[]]></system-err>
   </testsuite>
</testsuites>
