<?xml version="1.0" encoding="UTF-8"?>
<testsuites name="test8" time="25" tests="1" failures="0" errors="0">
   <testsuite name="test8" tests="1" failures="0" errors="0" time="25" timestamp="2018-03-28 21:28:10" hostname="admin - Lenovo-PC" id="Test Suites/test8">
      <properties>
         <property name="deviceName" value=""/>
         <property name="devicePlatform" value=""/>
         <property name="logFolder" value="C:\\Users\\admin\\Katalon Studio\\Test\\Reports\\test8\\20180328_212806"/>
         <property name="logFiles" value="C:\\Users\\admin\\Katalon Studio\\Test\\Reports\\test8\\20180328_212806\\execution0.log"/>
         <property name="attachments" value=""/>
         <property name="hostName" value="admin - Lenovo-PC"/>
         <property name="os" value="Windows 10 64bit"/>
         <property name="katalonVersion" value="5.3.0.1"/>
         <property name="browser" value="Chrome 64.0.3282.119"/>
         <property name="hostAddress" value="10.10.31.224"/>
         <property name="sessionId" value="a8079d4909cce971ae3f01a7e46b3f06"/>
         <property name="seleniumVersion" value="3.7.1"/>
         <property name="proxyInformation" value="ProxyInformation{proxyOption=NO_PROXY, proxyServerType=HTTP, password=, proxyServerAddress=, proxyServerPort=0}"/>
         <property name="platform" value="Windows 10"/>
      </properties>
      <testcase name="Test Cases/test8" classname="Test Cases/test8" status="PASSED">
         <system-out><![CDATA[2018-03-28 21:28:11 - [TEST_CASE][PASSED] - Test Cases/test8: Test Cases/test8

2018-03-28 21:28:12 - [TEST_STEP][PASSED] - openBrowser: Browser is opened with url: ''

2018-03-28 21:28:16 - [MESSAGE][PASSED] - Browser is opened with url: ''

2018-03-28 21:28:16 - [TEST_STEP][PASSED] - navigateToUrl: Navigate to 'http://localhost:8080/ljlj/panduan.jsp' successfully

2018-03-28 21:28:32 - [MESSAGE][PASSED] - Navigate to 'http://localhost:8080/ljlj/panduan.jsp' successfully

2018-03-28 21:28:32 - [TEST_STEP][PASSED] - setText: Text 'teacher' is set on object 'Object Repository/test8/Page_Insert title here (2)/input_juese'

2018-03-28 21:28:32 - [MESSAGE][PASSED] - Text 'teacher' is set on object 'Object Repository/test8/Page_Insert title here (2)/input_juese'

2018-03-28 21:28:32 - [TEST_STEP][PASSED] - click: Object: 'Object Repository/test8/Page_Insert title here (2)/input' is clicked on

2018-03-28 21:28:33 - [MESSAGE][PASSED] - Object: 'Object Repository/test8/Page_Insert title here (2)/input' is clicked on

2018-03-28 21:28:33 - [TEST_STEP][PASSED] - setText: Text '666' is set on object 'Object Repository/test8/Page_ (2)/input_user2id'

2018-03-28 21:28:33 - [MESSAGE][PASSED] - Text '666' is set on object 'Object Repository/test8/Page_ (2)/input_user2id'

2018-03-28 21:28:33 - [TEST_STEP][PASSED] - setText: Text '666' is set on object 'Object Repository/test8/Page_ (2)/input_user2pass'

2018-03-28 21:28:33 - [MESSAGE][PASSED] - Text '666' is set on object 'Object Repository/test8/Page_ (2)/input_user2pass'

2018-03-28 21:28:33 - [TEST_STEP][PASSED] - click: Object: 'Object Repository/test8/Page_ (2)/input' is clicked on

2018-03-28 21:28:33 - [MESSAGE][PASSED] - Object: 'Object Repository/test8/Page_ (2)/input' is clicked on

2018-03-28 21:28:33 - [TEST_STEP][PASSED] - click: Object: 'Object Repository/test8/Page_Insert title here (2)/button_delete' is clicked on

2018-03-28 21:28:34 - [MESSAGE][PASSED] - Object: 'Object Repository/test8/Page_Insert title here (2)/button_delete' is clicked on

2018-03-28 21:28:34 - [TEST_STEP][PASSED] - click: Object: 'Object Repository/test8/Page_Insert title here (2)/td_software' is clicked on

2018-03-28 21:28:34 - [MESSAGE][PASSED] - Object: 'Object Repository/test8/Page_Insert title here (2)/td_software' is clicked on

2018-03-28 21:28:34 - [TEST_STEP][PASSED] - verifyElementText: Actual text and expected text of test object 'Object Repository/test8/Page_Insert title here (2)/td_software' are matched.

2018-03-28 21:28:35 - [MESSAGE][PASSED] - Actual text and expected text of test object 'Object Repository/test8/Page_Insert title here (2)/td_software' are matched.

2018-03-28 21:28:35 - [TEST_STEP][PASSED] - closeBrowser: Browser is closed

2018-03-28 21:28:35 - [MESSAGE][PASSED] - Browser is closed]]></system-out>
         <system-err><![CDATA[]]></system-err>
      </testcase>
      <system-out><![CDATA[2018-03-28 21:28:10 - [TEST_SUITE][PASSED] - test8: Test Cases/test8]]></system-out>
      <system-err><![CDATA[]]></system-err>
   </testsuite>
</testsuites>
