<?xml version="1.0" encoding="UTF-8"?>
<testsuites name="test4" time="19" tests="1" failures="0" errors="0">
   <testsuite name="test4" tests="1" failures="0" errors="0" time="19" timestamp="2018-03-28 21:25:24" hostname="admin - Lenovo-PC" id="Test Suites/test4">
      <properties>
         <property name="deviceName" value=""/>
         <property name="devicePlatform" value=""/>
         <property name="logFolder" value="C:\\Users\\admin\\Katalon Studio\\Test\\Reports\\test4\\20180328_212522"/>
         <property name="logFiles" value="C:\\Users\\admin\\Katalon Studio\\Test\\Reports\\test4\\20180328_212522\\execution0.log"/>
         <property name="attachments" value=""/>
         <property name="hostName" value="admin - Lenovo-PC"/>
         <property name="os" value="Windows 10 64bit"/>
         <property name="katalonVersion" value="5.3.0.1"/>
         <property name="browser" value="Chrome 64.0.3282.119"/>
         <property name="hostAddress" value="10.10.31.224"/>
         <property name="sessionId" value="6722d49e63931ad9ab967841ec38a9e0"/>
         <property name="seleniumVersion" value="3.7.1"/>
         <property name="proxyInformation" value="ProxyInformation{proxyOption=NO_PROXY, proxyServerType=HTTP, password=, proxyServerAddress=, proxyServerPort=0}"/>
         <property name="platform" value="Windows 10"/>
      </properties>
      <testcase name="Test Cases/test4" classname="Test Cases/test4" status="PASSED">
         <system-out><![CDATA[2018-03-28 21:25:24 - [TEST_CASE][PASSED] - Test Cases/test4: Test Cases/test4

2018-03-28 21:25:25 - [TEST_STEP][PASSED] - openBrowser: Browser is opened with url: ''

2018-03-28 21:25:34 - [MESSAGE][PASSED] - Browser is opened with url: ''

2018-03-28 21:25:34 - [TEST_STEP][PASSED] - navigateToUrl: Navigate to 'http://localhost:8080/ljlj/panduan.jsp' successfully

2018-03-28 21:25:40 - [MESSAGE][PASSED] - Navigate to 'http://localhost:8080/ljlj/panduan.jsp' successfully

2018-03-28 21:25:40 - [TEST_STEP][PASSED] - setText: Text 'teacher' is set on object 'Object Repository/test4/Page_Insert title here/input_juese'

2018-03-28 21:25:40 - [MESSAGE][PASSED] - Text 'teacher' is set on object 'Object Repository/test4/Page_Insert title here/input_juese'

2018-03-28 21:25:40 - [TEST_STEP][PASSED] - click: Object: 'Object Repository/test4/Page_Insert title here/input' is clicked on

2018-03-28 21:25:41 - [MESSAGE][PASSED] - Object: 'Object Repository/test4/Page_Insert title here/input' is clicked on

2018-03-28 21:25:41 - [TEST_STEP][PASSED] - setText: Text '666' is set on object 'Object Repository/test4/Page_/input_user2id'

2018-03-28 21:25:42 - [MESSAGE][PASSED] - Text '666' is set on object 'Object Repository/test4/Page_/input_user2id'

2018-03-28 21:25:42 - [TEST_STEP][PASSED] - setText: Text '666' is set on object 'Object Repository/test4/Page_/input_user2pass'

2018-03-28 21:25:42 - [MESSAGE][PASSED] - Text '666' is set on object 'Object Repository/test4/Page_/input_user2pass'

2018-03-28 21:25:42 - [TEST_STEP][PASSED] - click: Object: 'Object Repository/test4/Page_/input' is clicked on

2018-03-28 21:25:42 - [MESSAGE][PASSED] - Object: 'Object Repository/test4/Page_/input' is clicked on

2018-03-28 21:25:42 - [TEST_STEP][PASSED] - click: Object: 'Object Repository/test4/Page_Insert title here/td_20189' is clicked on

2018-03-28 21:25:42 - [MESSAGE][PASSED] - Object: 'Object Repository/test4/Page_Insert title here/td_20189' is clicked on

2018-03-28 21:25:42 - [TEST_STEP][PASSED] - verifyElementText: Actual text and expected text of test object 'Object Repository/test4/Page_Insert title here/td_20189' are matched.

2018-03-28 21:25:42 - [MESSAGE][PASSED] - Actual text and expected text of test object 'Object Repository/test4/Page_Insert title here/td_20189' are matched.

2018-03-28 21:25:42 - [TEST_STEP][PASSED] - closeBrowser: Browser is closed

2018-03-28 21:25:43 - [MESSAGE][PASSED] - Browser is closed]]></system-out>
         <system-err><![CDATA[]]></system-err>
      </testcase>
      <system-out><![CDATA[2018-03-28 21:25:24 - [TEST_SUITE][PASSED] - test4: Test Cases/test4]]></system-out>
      <system-err><![CDATA[]]></system-err>
   </testsuite>
</testsuites>
