<?xml version="1.0" encoding="UTF-8"?>
<testsuites name="test2" time="13" tests="1" failures="0" errors="0">
   <testsuite name="test2" tests="1" failures="0" errors="0" time="13" timestamp="2018-03-28 21:23:44" hostname="admin - Lenovo-PC" id="Test Suites/test2">
      <properties>
         <property name="deviceName" value=""/>
         <property name="devicePlatform" value=""/>
         <property name="logFolder" value="C:\\Users\\admin\\Katalon Studio\\Test\\Reports\\test2\\20180328_212342"/>
         <property name="logFiles" value="C:\\Users\\admin\\Katalon Studio\\Test\\Reports\\test2\\20180328_212342\\execution0.log"/>
         <property name="attachments" value=""/>
         <property name="hostName" value="admin - Lenovo-PC"/>
         <property name="os" value="Windows 10 64bit"/>
         <property name="katalonVersion" value="5.3.0.1"/>
         <property name="browser" value="Chrome 64.0.3282.119"/>
         <property name="hostAddress" value="10.10.31.224"/>
         <property name="sessionId" value="081055205c6621623d6bcf2b6edc1942"/>
         <property name="seleniumVersion" value="3.7.1"/>
         <property name="proxyInformation" value="ProxyInformation{proxyOption=NO_PROXY, proxyServerType=HTTP, password=, proxyServerAddress=, proxyServerPort=0}"/>
         <property name="platform" value="Windows 10"/>
      </properties>
      <testcase name="Test Cases/test2" classname="Test Cases/test2" status="PASSED">
         <system-out><![CDATA[2018-03-28 21:23:45 - [TEST_CASE][PASSED] - Test Cases/test2: Test Cases/test2

2018-03-28 21:23:45 - [TEST_STEP][PASSED] - openBrowser: Browser is opened with url: ''

2018-03-28 21:23:52 - [MESSAGE][PASSED] - Browser is opened with url: ''

2018-03-28 21:23:52 - [TEST_STEP][PASSED] - navigateToUrl: Navigate to 'http://localhost:8080/ljlj/panduan.jsp' successfully

2018-03-28 21:23:56 - [MESSAGE][PASSED] - Navigate to 'http://localhost:8080/ljlj/panduan.jsp' successfully

2018-03-28 21:23:56 - [TEST_STEP][PASSED] - setText: Text 'teacher' is set on object 'Object Repository/test2/Page_Insert title here/input_juese'

2018-03-28 21:23:56 - [MESSAGE][PASSED] - Text 'teacher' is set on object 'Object Repository/test2/Page_Insert title here/input_juese'

2018-03-28 21:23:56 - [TEST_STEP][PASSED] - click: Object: 'Object Repository/test2/Page_Insert title here/input' is clicked on

2018-03-28 21:23:57 - [MESSAGE][PASSED] - Object: 'Object Repository/test2/Page_Insert title here/input' is clicked on

2018-03-28 21:23:57 - [TEST_STEP][PASSED] - closeBrowser: Browser is closed

2018-03-28 21:23:58 - [MESSAGE][PASSED] - Browser is closed]]></system-out>
         <system-err><![CDATA[]]></system-err>
      </testcase>
      <system-out><![CDATA[2018-03-28 21:23:44 - [TEST_SUITE][PASSED] - test2: Test Cases/test2]]></system-out>
      <system-err><![CDATA[]]></system-err>
   </testsuite>
</testsuites>
