<?xml version="1.0" encoding="UTF-8"?>
<testsuites name="test1" time="28" tests="1" failures="0" errors="0">
   <testsuite name="test1" tests="1" failures="0" errors="0" time="28" timestamp="2018-03-28 21:22:59" hostname="admin - Lenovo-PC" id="Test Suites/test1">
      <properties>
         <property name="deviceName" value=""/>
         <property name="devicePlatform" value=""/>
         <property name="logFolder" value="C:\\Users\\admin\\Katalon Studio\\Test\\Reports\\test1\\20180328_212252"/>
         <property name="logFiles" value="C:\\Users\\admin\\Katalon Studio\\Test\\Reports\\test1\\20180328_212252\\execution0.log"/>
         <property name="attachments" value=""/>
         <property name="hostName" value="admin - Lenovo-PC"/>
         <property name="os" value="Windows 10 64bit"/>
         <property name="katalonVersion" value="5.3.0.1"/>
         <property name="browser" value="Chrome 64.0.3282.119"/>
         <property name="hostAddress" value="10.10.31.224"/>
         <property name="sessionId" value="d5343d85e5ba987d01aa58e521ce8eed"/>
         <property name="seleniumVersion" value="3.7.1"/>
         <property name="proxyInformation" value="ProxyInformation{proxyOption=NO_PROXY, proxyServerType=HTTP, password=, proxyServerAddress=, proxyServerPort=0}"/>
         <property name="platform" value="Windows 10"/>
      </properties>
      <testcase name="Test Cases/test1" classname="Test Cases/test1" status="PASSED">
         <system-out><![CDATA[2018-03-28 21:22:59 - [TEST_CASE][PASSED] - Test Cases/test1: Test Cases/test1

2018-03-28 21:23:00 - [TEST_STEP][PASSED] - openBrowser: Browser is opened with url: ''

2018-03-28 21:23:15 - [MESSAGE][PASSED] - Browser is opened with url: ''

2018-03-28 21:23:15 - [TEST_STEP][PASSED] - navigateToUrl: Navigate to 'http://localhost:8080/ljlj/panduan.jsp' successfully

2018-03-28 21:23:20 - [MESSAGE][PASSED] - Navigate to 'http://localhost:8080/ljlj/panduan.jsp' successfully

2018-03-28 21:23:20 - [TEST_STEP][PASSED] - setText: Text 'student' is set on object 'Object Repository/test1/Page_Insert title here/input_juese'

2018-03-28 21:23:22 - [MESSAGE][PASSED] - Text 'student' is set on object 'Object Repository/test1/Page_Insert title here/input_juese'

2018-03-28 21:23:22 - [TEST_STEP][PASSED] - click: Object: 'Object Repository/test1/Page_Insert title here/input' is clicked on

2018-03-28 21:23:25 - [MESSAGE][PASSED] - Object: 'Object Repository/test1/Page_Insert title here/input' is clicked on

2018-03-28 21:23:25 - [TEST_STEP][PASSED] - closeBrowser: Browser is closed

2018-03-28 21:23:26 - [MESSAGE][PASSED] - Browser is closed]]></system-out>
         <system-err><![CDATA[]]></system-err>
      </testcase>
      <system-out><![CDATA[2018-03-28 21:22:59 - [TEST_SUITE][PASSED] - test1: Test Cases/test1]]></system-out>
      <system-err><![CDATA[]]></system-err>
   </testsuite>
</testsuites>
